Controleer of vereiste tools beschikbaar zijn...
ical2json is geïnstalleerd.
jq is geïnstalleerd.
Projectdirectory ingesteld: ./pauze_scheduler
ICS-bestanden downloaden...
ICS-bestanden succesvol gedownload.
Converteer ICS naar JSON...
ICS-bestanden succesvol geconverteerd naar JSON.
Filter de agenda voor de datum: 20241204
Agenda 1 voor morgen succesvol gefilterd.
Agenda 2 voor morgen succesvol gefilterd.
Bereken gaps in de agenda's...
Gaps succesvol berekend voor agenda1.
Gaps succesvol berekend voor agenda2.
Vergelijk pauzes voor overlappen...
Gemeenschappelijke pauze gevonden: {
  "common_start": "20241204T091500Z",
  "common_end": "20241204T093000Z",
  "gap_minutes": 15
}
Navigeren naar de repository...
Nieuwe agenda aanmaken met pauze van 20241204T091500Z tot 20241204T093000Z...
On branch main
Your branch is up to date with 'origin/main'.

nothing to commit, working tree clean
Pushen naar de GitHub repository...
Everything up-to-date
--------------------------------------------------
Controleer of vereiste tools beschikbaar zijn...
ical2json is geïnstalleerd.
jq is geïnstalleerd.
Projectdirectory ingesteld: ./pauze_scheduler
ICS-bestanden downloaden...
ICS-bestanden succesvol gedownload.
Converteer ICS naar JSON...
ICS-bestanden succesvol geconverteerd naar JSON.
Filter de agenda voor de datum: 20241209
Agenda 1 voor morgen succesvol gefilterd.
Agenda 2 voor morgen succesvol gefilterd.
Bereken gaps in de agenda's...
Gaps succesvol berekend voor agenda1.
Gaps succesvol berekend voor agenda2.
Vergelijk pauzes voor overlappen...
Gemeenschappelijke pauze gevonden: {
  "common_start": "20241209T113000Z",
  "common_end": "20241209T123000Z",
  "gap_minutes": 60
}
Navigeren naar de repository...
Nieuwe agenda aanmaken met pauze van 20241209T113000Z tot 20241209T123000Z...
[main 606f5eb] Nieuwe agenda toegevoegd
 1 file changed, 2 insertions(+), 2 deletions(-)
Pushen naar de GitHub repository...
To https://github.com/KasperReynaerts/KasperReynaerts.github.io.git
   c8328fc..606f5eb  main -> main
--------------------------------------------------
Controleer of vereiste tools beschikbaar zijn...
ical2json is geïnstalleerd.
jq is geïnstalleerd.
Projectdirectory ingesteld: ./pauze_scheduler
ICS-bestanden downloaden...
ICS-bestanden succesvol gedownload.
Converteer ICS naar JSON...
ICS-bestanden succesvol geconverteerd naar JSON.
Filter de agenda voor de datum: 20241204
Agenda 1 voor morgen succesvol gefilterd.
Agenda 2 voor morgen succesvol gefilterd.
Bereken gaps in de agenda's...
Gaps succesvol berekend voor agenda1.
Gaps succesvol berekend voor agenda2.
Vergelijk pauzes voor overlappen...
Gemeenschappelijke pauze gevonden: {
  "common_start": "20241204T091500Z",
  "common_end": "20241204T093000Z",
  "gap_minutes": 15
}
Navigeren naar de repository...
Nieuwe agenda aanmaken met pauze van 20241204T091500Z tot 20241204T093000Z...
[main ef6d5f1] Nieuwe agenda toegevoegd
 1 file changed, 2 insertions(+), 2 deletions(-)
Pushen naar de GitHub repository...
To https://github.com/KasperReynaerts/KasperReynaerts.github.io.git
   606f5eb..ef6d5f1  main -> main
--------------------------------------------------
